<?xml version="1.0" encoding="UTF-8"?>
<!-- Generated by org.testng.reporters.JUnitReportReporter -->
<testsuite hostname="DESKTOP-2T3LOQC" failures="0" tests="1" name="practice.FirstTest" time="1.808" errors="0" timestamp="2022-03-27T15:27:34 CDT" skipped="0">
  <testcase classname="practice.FirstTest" name="firstTest" time="1.808"/>
  <system-out/>
</testsuite> <!-- practice.FirstTest -->
