<?xml version="1.0" encoding="UTF-8"?>
<!-- Generated by org.testng.reporters.JUnitReportReporter -->
<testsuite hostname="DESKTOP-2T3LOQC" failures="0" tests="2" name="practice.Base" time="7.152" errors="0" timestamp="2022-03-26T23:25:52 CDT" skipped="0">
  <testcase classname="practice.Base" name="setUp" time="2.908"/>
  <system-out/>
  <testcase classname="practice.Base" name="tearDown" time="4.244"/>
  <system-out/>
</testsuite> <!-- practice.Base -->
